# JRE version: OpenJDK Runtime Environment (8.0_292-b10) (build 1.8.0_292-8u292-b10-0ubuntu1~20.04-b10)
# Java VM: OpenJDK 64-Bit Server VM (25.292-b10 mixed mode linux-amd64 compressed oops)
Heap:
 PSYoungGen      total 183296K, used 9264K [0x00000000eab00000, 0x00000000f7b00000, 0x0000000100000000)
  eden space 182272K, 5% used [0x00000000eab00000,0x00000000eb40c2c8,0x00000000f5d00000)
  from space 1024K, 0% used [0x00000000f5d00000,0x00000000f5d00000,0x00000000f5e00000)
  to   space 15360K, 0% used [0x00000000f6c00000,0x00000000f6c00000,0x00000000f7b00000)
 ParOldGen       total 148480K, used 13711K [0x00000000c0000000, 0x00000000c9100000, 0x00000000eab00000)
  object space 148480K, 9% used [0x00000000c0000000,0x00000000c0d63c90,0x00000000c9100000)
 Metaspace       used 53958K, capacity 57149K, committed 57472K, reserved 1099776K
  class space    used 7185K, capacity 7513K, committed 7552K, reserved 1048576K
GC Heap History (10 events):
Event: 12609.140 GC heap before
{Heap before GC invocations=22 (full 9):
 PSYoungGen      total 183296K, used 928K [0x00000000eab00000, 0x00000000f7d00000, 0x0000000100000000)
  eden space 182272K, 0% used [0x00000000eab00000,0x00000000eab00000,0x00000000f5d00000)
  from space 1024K, 90% used [0x00000000f5d00000,0x00000000f5de8000,0x00000000f5e00000)
  to   space 16384K, 0% used [0x00000000f6d00000,0x00000000f6d00000,0x00000000f7d00000)
 ParOldGen       total 148480K, used 13699K [0x00000000c0000000, 0x00000000c9100000, 0x00000000eab00000)
  object space 148480K, 9% used [0x00000000c0000000,0x00000000c0d60d90,0x00000000c9100000)
 Metaspace       used 53951K, capacity 57149K, committed 57472K, reserved 1099776K
  class space    used 7185K, capacity 7513K, committed 7552K, reserved 1048576K
Event: 12609.180 GC heap after
Heap after GC invocations=22 (full 9):
 PSYoungGen      total 183296K, used 0K [0x00000000eab00000, 0x00000000f7d00000, 0x0000000100000000)
  eden space 182272K, 0% used [0x00000000eab00000,0x00000000eab00000,0x00000000f5d00000)
  from space 1024K, 0% used [0x00000000f5d00000,0x00000000f5d00000,0x00000000f5e00000)
  to   space 16384K, 0% used [0x00000000f6d00000,0x00000000f6d00000,0x00000000f7d00000)
 ParOldGen       total 148480K, used 13696K [0x00000000c0000000, 0x00000000c9100000, 0x00000000eab00000)
  object space 148480K, 9% used [0x00000000c0000000,0x00000000c0d603b0,0x00000000c9100000)
 Metaspace       used 53951K, capacity 57149K, committed 57472K, reserved 1099776K
  class space    used 7185K, capacity 7513K, committed 7552K, reserved 1048576K
}
Event: 14409.138 GC heap before
{Heap before GC invocations=23 (full 9):
 PSYoungGen      total 183296K, used 12661K [0x00000000eab00000, 0x00000000f7d00000, 0x0000000100000000)
  eden space 182272K, 6% used [0x00000000eab00000,0x00000000eb75d528,0x00000000f5d00000)
  from space 1024K, 0% used [0x00000000f5d00000,0x00000000f5d00000,0x00000000f5e00000)
  to   space 16384K, 0% used [0x00000000f6d00000,0x00000000f6d00000,0x00000000f7d00000)
 ParOldGen       total 148480K, used 13696K [0x00000000c0000000, 0x00000000c9100000, 0x00000000eab00000)
  object space 148480K, 9% used [0x00000000c0000000,0x00000000c0d603b0,0x00000000c9100000)
 Metaspace       used 53953K, capacity 57149K, committed 57472K, reserved 1099776K
  class space    used 7185K, capacity 7513K, committed 7552K, reserved 1048576K
Event: 14409.141 GC heap after
Heap after GC invocations=23 (full 9):
 PSYoungGen      total 197632K, used 320K [0x00000000eab00000, 0x00000000f7c00000, 0x0000000100000000)
  eden space 182272K, 0% used [0x00000000eab00000,0x00000000eab00000,0x00000000f5d00000)
  from space 15360K, 2% used [0x00000000f6d00000,0x00000000f6d50000,0x00000000f7c00000)
  to   space 15872K, 0% used [0x00000000f5d00000,0x00000000f5d00000,0x00000000f6c80000)
 ParOldGen       total 148480K, used 13696K [0x00000000c0000000, 0x00000000c9100000, 0x00000000eab00000)
  object space 148480K, 9% used [0x00000000c0000000,0x00000000c0d603b0,0x00000000c9100000)
 Metaspace       used 53953K, capacity 57149K, committed 57472K, reserved 1099776K
  class space    used 7185K, capacity 7513K, committed 7552K, reserved 1048576K
}
Event: 14409.142 GC heap before
{Heap before GC invocations=24 (full 10):
 PSYoungGen      total 197632K, used 320K [0x00000000eab00000, 0x00000000f7c00000, 0x0000000100000000)
  eden space 182272K, 0% used [0x00000000eab00000,0x00000000eab00000,0x00000000f5d00000)
  from space 15360K, 2% used [0x00000000f6d00000,0x00000000f6d50000,0x00000000f7c00000)
  to   space 15872K, 0% used [0x00000000f5d00000,0x00000000f5d00000,0x00000000f6c80000)
 ParOldGen       total 148480K, used 13696K [0x00000000c0000000, 0x00000000c9100000, 0x00000000eab00000)
  object space 148480K, 9% used [0x00000000c0000000,0x00000000c0d603b0,0x00000000c9100000)
 Metaspace       used 53953K, capacity 57149K, committed 57472K, reserved 1099776K
  class space    used 7185K, capacity 7513K, committed 7552K, reserved 1048576K
Event: 14409.247 GC heap after
Heap after GC invocations=24 (full 10):
 PSYoungGen      total 197632K, used 0K [0x00000000eab00000, 0x00000000f7c00000, 0x0000000100000000)
  eden space 182272K, 0% used [0x00000000eab00000,0x00000000eab00000,0x00000000f5d00000)
  from space 15360K, 0% used [0x00000000f6d00000,0x00000000f6d00000,0x00000000f7c00000)
  to   space 15872K, 0% used [0x00000000f5d00000,0x00000000f5d00000,0x00000000f6c80000)
 ParOldGen       total 148480K, used 13713K [0x00000000c0000000, 0x00000000c9100000, 0x00000000eab00000)
  object space 148480K, 9% used [0x00000000c0000000,0x00000000c0d64550,0x00000000c9100000)
 Metaspace       used 53953K, capacity 57149K, committed 57472K, reserved 1099776K
  class space    used 7185K, capacity 7513K, committed 7552K, reserved 1048576K
}
Event: 16209.143 GC heap before
{Heap before GC invocations=25 (full 10):
 PSYoungGen      total 197632K, used 13527K [0x00000000eab00000, 0x00000000f7c00000, 0x0000000100000000)
  eden space 182272K, 7% used [0x00000000eab00000,0x00000000eb835f78,0x00000000f5d00000)
  from space 15360K, 0% used [0x00000000f6d00000,0x00000000f6d00000,0x00000000f7c00000)
  to   space 15872K, 0% used [0x00000000f5d00000,0x00000000f5d00000,0x00000000f6c80000)
 ParOldGen       total 148480K, used 13713K [0x00000000c0000000, 0x00000000c9100000, 0x00000000eab00000)
  object space 148480K, 9% used [0x00000000c0000000,0x00000000c0d64550,0x00000000c9100000)
 Metaspace       used 53958K, capacity 57149K, committed 57472K, reserved 1099776K
  class space    used 7185K, capacity 7513K, committed 7552K, reserved 1048576K
Event: 16209.182 GC heap after
Heap after GC invocations=25 (full 10):
 PSYoungGen      total 183296K, used 896K [0x00000000eab00000, 0x00000000f7b00000, 0x0000000100000000)
  eden space 182272K, 0% used [0x00000000eab00000,0x00000000eab00000,0x00000000f5d00000)
  from space 1024K, 87% used [0x00000000f5d00000,0x00000000f5de0000,0x00000000f5e00000)
  to   space 15360K, 0% used [0x00000000f6c00000,0x00000000f6c00000,0x00000000f7b00000)
 ParOldGen       total 148480K, used 13713K [0x00000000c0000000, 0x00000000c9100000, 0x00000000eab00000)
  object space 148480K, 9% used [0x00000000c0000000,0x00000000c0d64550,0x00000000c9100000)
 Metaspace       used 53958K, capacity 57149K, committed 57472K, reserved 1099776K
  class space    used 7185K, capacity 7513K, committed 7552K, reserved 1048576K
}
Event: 16209.182 GC heap before
{Heap before GC invocations=26 (full 11):
 PSYoungGen      total 183296K, used 896K [0x00000000eab00000, 0x00000000f7b00000, 0x0000000100000000)
  eden space 182272K, 0% used [0x00000000eab00000,0x00000000eab00000,0x00000000f5d00000)
  from space 1024K, 87% used [0x00000000f5d00000,0x00000000f5de0000,0x00000000f5e00000)
  to   space 15360K, 0% used [0x00000000f6c00000,0x00000000f6c00000,0x00000000f7b00000)
 ParOldGen       total 148480K, used 13713K [0x00000000c0000000, 0x00000000c9100000, 0x00000000eab00000)
  object space 148480K, 9% used [0x00000000c0000000,0x00000000c0d64550,0x00000000c9100000)
 Metaspace       used 53958K, capacity 57149K, committed 57472K, reserved 1099776K
  class space    used 7185K, capacity 7513K, committed 7552K, reserved 1048576K
Event: 16209.277 GC heap after
Heap after GC invocations=26 (full 11):
 PSYoungGen      total 183296K, used 0K [0x00000000eab00000, 0x00000000f7b00000, 0x0000000100000000)
  eden space 182272K, 0% used [0x00000000eab00000,0x00000000eab00000,0x00000000f5d00000)
  from space 1024K, 0% used [0x00000000f5d00000,0x00000000f5d00000,0x00000000f5e00000)
  to   space 15360K, 0% used [0x00000000f6c00000,0x00000000f6c00000,0x00000000f7b00000)
 ParOldGen       total 148480K, used 13711K [0x00000000c0000000, 0x00000000c9100000, 0x00000000eab00000)
  object space 148480K, 9% used [0x00000000c0000000,0x00000000c0d63c90,0x00000000c9100000)
 Metaspace       used 53958K, capacity 57149K, committed 57472K, reserved 1099776K
  class space    used 7185K, capacity 7513K, committed 7552K, reserved 1048576K
}

